\BOOKMARK [1][-]{section.1}{Introduction}{}% 1
\BOOKMARK [2][-]{subsection.1.1}{Abstract}{section.1}% 2
\BOOKMARK [2][-]{subsection.1.2}{Objectives}{section.1}% 3
\BOOKMARK [1][-]{section.2}{Background}{}% 4
\BOOKMARK [2][-]{subsection.2.1}{Seismic Waves}{section.2}% 5
\BOOKMARK [2][-]{subsection.2.2}{Symbolic Aggregate Approximation \(SAX\)}{section.2}% 6
\BOOKMARK [2][-]{subsection.2.3}{Suffix Trees}{section.2}% 7
\BOOKMARK [1][-]{section.3}{Plan}{}% 8
\BOOKMARK [2][-]{subsection.3.1}{Importing and Storing Data}{section.3}% 9
\BOOKMARK [2][-]{subsection.3.2}{Generate SAX Strings}{section.3}% 10
\BOOKMARK [2][-]{subsection.3.3}{Event Detection}{section.3}% 11
\BOOKMARK [2][-]{subsection.3.4}{Graphical Representation}{section.3}% 12
\BOOKMARK [2][-]{subsection.3.5}{User Interface}{section.3}% 13
\BOOKMARK [1][-]{section.4}{Data Processing}{}% 14
\BOOKMARK [2][-]{subsection.4.1}{Normalisation}{section.4}% 15
\BOOKMARK [2][-]{subsection.4.2}{PAA \046 SAX}{section.4}% 16
\BOOKMARK [3][-]{subsubsection.4.2.1}{PAA}{subsection.4.2}% 17
\BOOKMARK [3][-]{subsubsection.4.2.2}{SAX}{subsection.4.2}% 18
\BOOKMARK [2][-]{subsection.4.3}{Frequency Analysis}{section.4}% 19
\BOOKMARK [1][-]{section.5}{Event Detection}{}% 20
\BOOKMARK [2][-]{subsection.5.1}{Adaptive STA/LTA Algorithm}{section.5}% 21
\BOOKMARK [2][-]{subsection.5.2}{SAX Detection Algorithm}{section.5}% 22
\BOOKMARK [1][-]{section.6}{Application Design}{}% 23
\BOOKMARK [2][-]{subsection.6.1}{Discrete Services}{section.6}% 24
\BOOKMARK [2][-]{subsection.6.2}{Data processing API}{section.6}% 25
\BOOKMARK [3][-]{subsubsection.6.2.1}{Observations API Namespace}{subsection.6.2}% 26
\BOOKMARK [3][-]{subsubsection.6.2.2}{SAX API Namespace}{subsection.6.2}% 27
\BOOKMARK [2][-]{subsection.6.3}{Data Persistence}{section.6}% 28
\BOOKMARK [2][-]{subsection.6.4}{User Interface}{section.6}% 29
\BOOKMARK [2][-]{subsection.6.5}{Deferred \046 Batch Jobs}{section.6}% 30
\BOOKMARK [2][-]{subsection.6.6}{Suffix API}{section.6}% 31
\BOOKMARK [1][-]{section.7}{Conclusions}{}% 32
\BOOKMARK [1][-]{section.8}{Critical Evaluation}{}% 33
\BOOKMARK [2][-]{subsection.8.1}{Mistakes}{section.8}% 34
\BOOKMARK [3][-]{subsubsection.8.1.1}{Time-series Databases}{subsection.8.1}% 35
\BOOKMARK [3][-]{subsubsection.8.1.2}{Dataset}{subsection.8.1}% 36
\BOOKMARK [1][-]{subsubsection.8.1.2}{Bibliography}{}% 37
